1
3 9 15 18

3
4 6 8 14 19
4 6 10 16 19
6 7 12 16

1
4 10 16 19

3
2 7 10 11 17
3 8 10 11 20
6 8 11 16

2
1 3 4 7 12 16 19
2 4 5 7 15 17 20

2
7 11 15 18 20
11 12 17 20

2
12 17 20
15 19 20

2
1 8 15
6 8 16

1
3 7 8 9 10 14 18

4
1 10 15 17
1 10 15
2 13 15
4 13 15

2
1 6 10 11 16 18 19
3 6 10 12 17 19

3
1 8 13 19
4 12 19 20
6 13 19

1
6 10 14 15 17 20

1
2 6 19 20

2
3 7 15 20
6 8 18 20

2
2 9 14 17
4 11 17

2
3 9 14 15 17
8 13 14 17

1
7 19

2
1 6 10 12 14 16
2 8 10 14 16

3
1 2 10 14 16 20
2 6 10 14 19
2 7 13 14 19

3
1 6 11 19 20
2 7 14 20
6 8 15 20

2
17 19
18 19

1
2 8

2
2 7 17
2 15 17

3
5 9 12 14 16 19
6 11 13 16 17
7 12 14 16 17

1
1 7 8 15

1
7 9 13 14 15 16

1
3 12 13

1
1 4 13 14

3
4 6 10 12 17 20
4 10 11 14 19
5 10 12 15 19

1
5 7 8 11 12 19

2
2 3 7 9 11 12 18 20
2 4 9 10 11 16 20

4
3 9 14 18
7 9 16 18
8 10 18
8 12 18

2
3 4 9 10 12 14 17 19
4 6 10 12 14 15 17

2
3 4 9 16
3 8 14 18

1
5 6 12 19

2
1 4 5 8 10 12 16 19
3 5 6 9 12 13 16

1
17

1
10 12

2
3 6 16 20
5 7 16 20

1
7 8 15 16

1
2 6 7 10 14 17 18 19

2
7 13 19
11 19 20

1
1 2 4 6 9 13 20

2
6 11 15 16
10 13 16 19

3
1 4 5 13 17 20
1 4 7 14 17
2 4 9 15 17

4
1 9 12 16
1 10 12 18
1 12 13 19
6 12 14 19

2
1 8 10 13 14 18
2 9 12 14 17 20

1
7 10 11 13 15

3
4 10 13 16
5 11 16 20
5 12 16 20

1
8 13 20

1
9 17

1
1

1
20

1
3 5 9 11 14

3
5 9 12 17 19
9 10 15 18
9 12 15 19

3
2 9 11 13 14 19
7 9 11 14 15
9 11 12 14 16

2
1 8 11 13 16 17 20
7 9 12 14 17 18

3
1 2 20
2 4
2 15

2
7 14
14 18

2
2 8 18
2 10 19

3
3 6 15 20
3 7 15
4 7 15

1
6 16

2
4 6 7 15 18 20
5 7 14 17 20

2
2 6 10 12 15 18 20
6 7 11 12 15 19 20

4
1 6 11 17
1 10 11 18
2 11 13 19
5 11 13 20

2
6 7 8 11 15 18
6 7 9 12 16

2
1 4 6 7 13 16 18 20
1 5 6 12 15 17 19

1
4 6 11 14 16

3
1 5 6 11 19
2 5 11 13 19
3 5 11 15 20

2
2 5 8 11 15 17 20
5 7 9 12 16 18

1
10

1
1 11

1
1 2 6 11 13 20

1
8 13 16 17 19

3
1 10 15 19 20
2 15 16 19 20
7 15 18 19 20

2
2 3 12 14 17
2 4 14 15 17

1
2 9 12 16 18

3
1 2 7 16
2 4 10 16
2 6 13 16

1
17

1
1 9 17

1
14

1
2 3 6 7 10 11 14

2
3 6 11 14 15 17 19 20
3 9 11 15 16 18 19

2
2 3 12 19
3 4 16

2
1 7 8 15 18
3 7 14 16 20

1
17

2
4 6 12 17 20
6 8 16 18 20

1
1 8 12

2
2 4 7 9 15 20
2 6 8 14 20

4
5 12 14 19
9 13 14 19
11 14 18
11 14 19

2
3 4 8 10 18
4 7 8 12 18

1
8 9 13 14

1
5 9 19

1
2 3 5 8 12 14 18

1
3 4 8 17 18 19

1
5 11 14 19

2
1 8 11 16
8 10 13 18

1
4 16

2
9 10 14 15 20
10 11 15 19

1
3 7 8 10 13 18 20

1
1 2 14 18 19

1
1 12 16

2
5 10 20
9 10

3
4 6 11 16 18
5 7 16 17 18
6 9 16 18 19

1
16

3
5 17 18
9 17
13 17

2
2 5 6 12 15 16 18
3 5 6 14 16 17 20

2
3 8 12 16 17
8 10 15 17 20

1
1 12

2
1 4 6 9 10 14 18
3 5 8 9 13 16 20

2
4 10 11 12 18
5 10 11 16

1
6 8 16

2
1 4 5 8 9 16 20
2 4 5 9 14 17

1
7 8 14 16

2
2 5 10 12 18 19
4 8 11 16 19

4
5 8 18 20
5 8 20
6 13 20
7 15 20

2
2 4 7 15 18 20
2 7 14 16 19

1
1 3 5 7 12 17

2
5 10 14
6 14 20

2
1 4 5 8 9 13 19 20
2 5 6 8 11 18 19

3
1 2 5
1 2 15
2 5 19

3
2 4 7 19
2 6 17
2 7 18

4
1 5 10 12
1 8 10 12
3 8 11 12
3 9 12 20

2
9 17 18
15 18

2
3 8
3 9

2
6 9 16 20
7 14 19 20

1
3 4
